2025-05-22 01:45:24.146: [INFO][Sync] Reset engine, reason: 8
2025-05-22 01:45:24.146: [INFO][Sync] Stopped: Bookmarks
2025-05-22 01:45:24.146: [INFO][Sync] Stopped: Preferences
2025-05-22 01:45:24.146: [INFO][Sync] Stopped: Passwords
2025-05-22 01:45:24.146: [INFO][Sync] Stopped: Autofill Profiles
2025-05-22 01:45:24.146: [INFO][Sync] Stopped: Autofill
2025-05-22 01:45:24.146: [INFO][Sync] Stopped: Extensions
2025-05-22 01:45:24.146: [INFO][Sync] Stopped: Sessions
2025-05-22 01:45:24.146: [INFO][Sync] Stopped: Extension settings
2025-05-22 01:45:24.146: [INFO][Sync] Stopped: History Delete Directives
2025-05-22 01:45:24.146: [INFO][Sync] Stopped: Device Info
2025-05-22 01:45:24.146: [INFO][Sync] Stopped: User Consents
2025-05-22 01:45:24.146: [INFO][Sync] Stopped: Send Tab To Self
2025-05-22 01:45:24.146: [INFO][Sync] Stopped: Web Apps
2025-05-22 01:45:24.146: [INFO][Sync] Stopped: History
2025-05-22 01:45:24.146: [INFO][Sync] Stopped: Saved Tab Group
2025-05-22 01:45:24.146: [INFO][Sync] Stopped: Collection
2025-05-22 01:45:24.146: [INFO][Sync] Stopped: Edge E Drop
2025-05-22 01:45:24.146: [INFO][Sync] Stopped: Edge Hub App Usage
2025-05-22 01:45:24.146: [INFO][Sync] Stopped: Edge Tab Group
2025-05-22 01:45:24.146: [INFO][Sync] Stopped: Edge Wallet
2025-05-22 01:45:24.146: [INFO][Sync] SyncState after authenticated was: NotSignedIn
2025-05-22 01:45:24.393: [INFO][Sync] Reset engine, reason: 8
2025-05-22 01:45:24.393: [INFO][Sync] Stopped: Bookmarks
2025-05-22 01:45:24.393: [INFO][Sync] Stopped: Preferences
2025-05-22 01:45:24.393: [INFO][Sync] Stopped: Passwords
2025-05-22 01:45:24.393: [INFO][Sync] Stopped: Autofill Profiles
2025-05-22 01:45:24.393: [INFO][Sync] Stopped: Autofill
2025-05-22 01:45:24.393: [INFO][Sync] Stopped: Extensions
2025-05-22 01:45:24.393: [INFO][Sync] Stopped: Sessions
2025-05-22 01:45:24.393: [INFO][Sync] Stopped: Extension settings
2025-05-22 01:45:24.393: [INFO][Sync] Stopped: History Delete Directives
2025-05-22 01:45:24.393: [INFO][Sync] Stopped: Device Info
2025-05-22 01:45:24.393: [INFO][Sync] Stopped: User Consents
2025-05-22 01:45:24.393: [INFO][Sync] Stopped: Send Tab To Self
2025-05-22 01:45:24.393: [INFO][Sync] Stopped: Web Apps
2025-05-22 01:45:24.393: [INFO][Sync] Stopped: History
2025-05-22 01:45:24.393: [INFO][Sync] Stopped: Saved Tab Group
2025-05-22 01:45:24.393: [INFO][Sync] Stopped: Collection
2025-05-22 01:45:24.393: [INFO][Sync] Stopped: Edge E Drop
2025-05-22 01:45:24.393: [INFO][Sync] Stopped: Edge Hub App Usage
2025-05-22 01:45:24.393: [INFO][Sync] Stopped: Edge Tab Group
2025-05-22 01:45:24.393: [INFO][Sync] Stopped: Edge Wallet
2025-05-22 01:45:49.016: [INFO][Sync] Reset engine, reason: 0
2025-05-22 01:47:05.286: [INFO][Sync] Reset engine, reason: 8
2025-05-22 01:47:05.286: [INFO][Sync] Stopped: Bookmarks
2025-05-22 01:47:05.286: [INFO][Sync] Stopped: Preferences
2025-05-22 01:47:05.286: [INFO][Sync] Stopped: Passwords
2025-05-22 01:47:05.286: [INFO][Sync] Stopped: Autofill Profiles
2025-05-22 01:47:05.286: [INFO][Sync] Stopped: Autofill
2025-05-22 01:47:05.286: [INFO][Sync] Stopped: Extensions
2025-05-22 01:47:05.286: [INFO][Sync] Stopped: Sessions
2025-05-22 01:47:05.286: [INFO][Sync] Stopped: Extension settings
2025-05-22 01:47:05.286: [INFO][Sync] Stopped: History Delete Directives
2025-05-22 01:47:05.286: [INFO][Sync] Stopped: Device Info
2025-05-22 01:47:05.286: [INFO][Sync] Stopped: User Consents
2025-05-22 01:47:05.286: [INFO][Sync] Stopped: Send Tab To Self
2025-05-22 01:47:05.286: [INFO][Sync] Stopped: Web Apps
2025-05-22 01:47:05.286: [INFO][Sync] Stopped: History
2025-05-22 01:47:05.286: [INFO][Sync] Stopped: Saved Tab Group
2025-05-22 01:47:05.286: [INFO][Sync] Stopped: Collection
2025-05-22 01:47:05.286: [INFO][Sync] Stopped: Edge E Drop
2025-05-22 01:47:05.286: [INFO][Sync] Stopped: Edge Hub App Usage
2025-05-22 01:47:05.286: [INFO][Sync] Stopped: Edge Tab Group
2025-05-22 01:47:05.286: [INFO][Sync] Stopped: Edge Wallet
2025-05-22 01:47:05.286: [INFO][Sync] SyncState after authenticated was: NotSignedIn
2025-05-22 01:47:05.521: [INFO][Sync] Reset engine, reason: 8
2025-05-22 01:47:05.521: [INFO][Sync] Stopped: Bookmarks
2025-05-22 01:47:05.521: [INFO][Sync] Stopped: Preferences
2025-05-22 01:47:05.521: [INFO][Sync] Stopped: Passwords
2025-05-22 01:47:05.521: [INFO][Sync] Stopped: Autofill Profiles
2025-05-22 01:47:05.521: [INFO][Sync] Stopped: Autofill
2025-05-22 01:47:05.521: [INFO][Sync] Stopped: Extensions
2025-05-22 01:47:05.521: [INFO][Sync] Stopped: Sessions
2025-05-22 01:47:05.521: [INFO][Sync] Stopped: Extension settings
2025-05-22 01:47:05.521: [INFO][Sync] Stopped: History Delete Directives
2025-05-22 01:47:05.521: [INFO][Sync] Stopped: Device Info
2025-05-22 01:47:05.521: [INFO][Sync] Stopped: User Consents
2025-05-22 01:47:05.521: [INFO][Sync] Stopped: Send Tab To Self
2025-05-22 01:47:05.521: [INFO][Sync] Stopped: Web Apps
2025-05-22 01:47:05.521: [INFO][Sync] Stopped: History
2025-05-22 01:47:05.521: [INFO][Sync] Stopped: Saved Tab Group
2025-05-22 01:47:05.521: [INFO][Sync] Stopped: Collection
2025-05-22 01:47:05.521: [INFO][Sync] Stopped: Edge E Drop
2025-05-22 01:47:05.521: [INFO][Sync] Stopped: Edge Hub App Usage
2025-05-22 01:47:05.521: [INFO][Sync] Stopped: Edge Tab Group
2025-05-22 01:47:05.521: [INFO][Sync] Stopped: Edge Wallet
2025-05-22 01:47:29.794: [INFO][Sync] Reset engine, reason: 0
2025-05-22 01:48:26.358: [INFO][Sync] Reset engine, reason: 8
2025-05-22 01:48:26.358: [INFO][Sync] Stopped: Bookmarks
2025-05-22 01:48:26.358: [INFO][Sync] Stopped: Preferences
2025-05-22 01:48:26.358: [INFO][Sync] Stopped: Passwords
2025-05-22 01:48:26.358: [INFO][Sync] Stopped: Autofill Profiles
2025-05-22 01:48:26.358: [INFO][Sync] Stopped: Autofill
2025-05-22 01:48:26.358: [INFO][Sync] Stopped: Extensions
2025-05-22 01:48:26.358: [INFO][Sync] Stopped: Sessions
2025-05-22 01:48:26.358: [INFO][Sync] Stopped: Extension settings
2025-05-22 01:48:26.358: [INFO][Sync] Stopped: History Delete Directives
2025-05-22 01:48:26.358: [INFO][Sync] Stopped: Device Info
2025-05-22 01:48:26.358: [INFO][Sync] Stopped: User Consents
2025-05-22 01:48:26.358: [INFO][Sync] Stopped: Send Tab To Self
2025-05-22 01:48:26.358: [INFO][Sync] Stopped: Web Apps
2025-05-22 01:48:26.358: [INFO][Sync] Stopped: History
2025-05-22 01:48:26.358: [INFO][Sync] Stopped: Saved Tab Group
2025-05-22 01:48:26.358: [INFO][Sync] Stopped: Collection
2025-05-22 01:48:26.358: [INFO][Sync] Stopped: Edge E Drop
2025-05-22 01:48:26.358: [INFO][Sync] Stopped: Edge Hub App Usage
2025-05-22 01:48:26.358: [INFO][Sync] Stopped: Edge Tab Group
2025-05-22 01:48:26.358: [INFO][Sync] Stopped: Edge Wallet
2025-05-22 01:48:26.358: [INFO][Sync] SyncState after authenticated was: NotSignedIn
2025-05-22 01:48:26.545: [INFO][Sync] Reset engine, reason: 8
2025-05-22 01:48:26.545: [INFO][Sync] Stopped: Bookmarks
2025-05-22 01:48:26.545: [INFO][Sync] Stopped: Preferences
2025-05-22 01:48:26.545: [INFO][Sync] Stopped: Passwords
2025-05-22 01:48:26.545: [INFO][Sync] Stopped: Autofill Profiles
2025-05-22 01:48:26.545: [INFO][Sync] Stopped: Autofill
2025-05-22 01:48:26.545: [INFO][Sync] Stopped: Extensions
2025-05-22 01:48:26.545: [INFO][Sync] Stopped: Sessions
2025-05-22 01:48:26.545: [INFO][Sync] Stopped: Extension settings
2025-05-22 01:48:26.545: [INFO][Sync] Stopped: History Delete Directives
2025-05-22 01:48:26.545: [INFO][Sync] Stopped: Device Info
2025-05-22 01:48:26.545: [INFO][Sync] Stopped: User Consents
2025-05-22 01:48:26.545: [INFO][Sync] Stopped: Send Tab To Self
2025-05-22 01:48:26.545: [INFO][Sync] Stopped: Web Apps
2025-05-22 01:48:26.545: [INFO][Sync] Stopped: History
2025-05-22 01:48:26.545: [INFO][Sync] Stopped: Saved Tab Group
2025-05-22 01:48:26.545: [INFO][Sync] Stopped: Collection
2025-05-22 01:48:26.545: [INFO][Sync] Stopped: Edge E Drop
2025-05-22 01:48:26.545: [INFO][Sync] Stopped: Edge Hub App Usage
2025-05-22 01:48:26.545: [INFO][Sync] Stopped: Edge Tab Group
2025-05-22 01:48:26.545: [INFO][Sync] Stopped: Edge Wallet
2025-05-22 01:48:49.756: [INFO][Sync] Reset engine, reason: 0
2025-05-22 01:51:21.108: [INFO][Sync] Reset engine, reason: 8
2025-05-22 01:51:21.108: [INFO][Sync] Stopped: Bookmarks
2025-05-22 01:51:21.108: [INFO][Sync] Stopped: Preferences
2025-05-22 01:51:21.108: [INFO][Sync] Stopped: Passwords
2025-05-22 01:51:21.108: [INFO][Sync] Stopped: Autofill Profiles
2025-05-22 01:51:21.108: [INFO][Sync] Stopped: Autofill
2025-05-22 01:51:21.108: [INFO][Sync] Stopped: Extensions
2025-05-22 01:51:21.108: [INFO][Sync] Stopped: Sessions
2025-05-22 01:51:21.108: [INFO][Sync] Stopped: Extension settings
2025-05-22 01:51:21.108: [INFO][Sync] Stopped: History Delete Directives
2025-05-22 01:51:21.108: [INFO][Sync] Stopped: Device Info
2025-05-22 01:51:21.108: [INFO][Sync] Stopped: User Consents
2025-05-22 01:51:21.108: [INFO][Sync] Stopped: Send Tab To Self
2025-05-22 01:51:21.108: [INFO][Sync] Stopped: Web Apps
2025-05-22 01:51:21.108: [INFO][Sync] Stopped: History
2025-05-22 01:51:21.108: [INFO][Sync] Stopped: Saved Tab Group
2025-05-22 01:51:21.108: [INFO][Sync] Stopped: Collection
2025-05-22 01:51:21.108: [INFO][Sync] Stopped: Edge E Drop
2025-05-22 01:51:21.108: [INFO][Sync] Stopped: Edge Hub App Usage
2025-05-22 01:51:21.108: [INFO][Sync] Stopped: Edge Tab Group
2025-05-22 01:51:21.108: [INFO][Sync] Stopped: Edge Wallet
2025-05-22 01:51:21.109: [INFO][Sync] SyncState after authenticated was: NotSignedIn
2025-05-22 01:51:21.356: [INFO][Sync] Reset engine, reason: 8
2025-05-22 01:51:21.356: [INFO][Sync] Stopped: Bookmarks
2025-05-22 01:51:21.356: [INFO][Sync] Stopped: Preferences
2025-05-22 01:51:21.356: [INFO][Sync] Stopped: Passwords
2025-05-22 01:51:21.356: [INFO][Sync] Stopped: Autofill Profiles
2025-05-22 01:51:21.356: [INFO][Sync] Stopped: Autofill
2025-05-22 01:51:21.356: [INFO][Sync] Stopped: Extensions
2025-05-22 01:51:21.356: [INFO][Sync] Stopped: Sessions
2025-05-22 01:51:21.356: [INFO][Sync] Stopped: Extension settings
2025-05-22 01:51:21.356: [INFO][Sync] Stopped: History Delete Directives
2025-05-22 01:51:21.356: [INFO][Sync] Stopped: Device Info
2025-05-22 01:51:21.356: [INFO][Sync] Stopped: User Consents
2025-05-22 01:51:21.356: [INFO][Sync] Stopped: Send Tab To Self
2025-05-22 01:51:21.356: [INFO][Sync] Stopped: Web Apps
2025-05-22 01:51:21.356: [INFO][Sync] Stopped: History
2025-05-22 01:51:21.356: [INFO][Sync] Stopped: Saved Tab Group
2025-05-22 01:51:21.356: [INFO][Sync] Stopped: Collection
2025-05-22 01:51:21.356: [INFO][Sync] Stopped: Edge E Drop
2025-05-22 01:51:21.356: [INFO][Sync] Stopped: Edge Hub App Usage
2025-05-22 01:51:21.356: [INFO][Sync] Stopped: Edge Tab Group
2025-05-22 01:51:21.356: [INFO][Sync] Stopped: Edge Wallet
2025-05-22 01:51:42.198: [INFO][Sync] Reset engine, reason: 0
