2025-05-22 01:45:24.222: [INFO] VisibilityChanged: 0
2025-05-22 01:45:24.372: [INFO] RecordSyncInitDuration has_sync_been_enabled: 0 state: 0
2025-05-22 01:45:24.372: [INFO] RecordSyncInitDuration has_sync_been_enabled: 0 state: 0
2025-05-22 01:45:24.373: [INFO] RecordSyncInitDuration has_sync_been_enabled: 0 state: 0
2025-05-22 01:45:24.374: [INFO] RecordSyncInitDuration has_sync_been_enabled: 0 state: 0
2025-05-22 01:45:24.374: [INFO] RecordSyncInitDuration has_sync_been_enabled: 0 state: 0
2025-05-22 01:45:24.374: [INFO] RecordSyncInitDuration has_sync_been_enabled: 0 state: 0
2025-05-22 01:45:24.375: [INFO] RecordSyncInitDuration has_sync_been_enabled: 0 state: 0
2025-05-22 01:45:24.375: [INFO] RecordSyncInitDuration has_sync_been_enabled: 0 state: 0
2025-05-22 01:45:24.376: [INFO] RecordSyncInitDuration has_sync_been_enabled: 0 state: 0
2025-05-22 01:45:24.376: [INFO] RecordSyncInitDuration has_sync_been_enabled: 0 state: 0
2025-05-22 01:45:24.377: [INFO] RecordSyncInitDuration has_sync_been_enabled: 0 state: 0
2025-05-22 01:45:24.388: [INFO] BookmarkNodeAdded, ABU: 0
2025-05-22 01:45:24.388: [INFO] BookmarkNodeAdded, ABU: 0
2025-05-22 01:45:24.388: [INFO] BookmarkNodeAdded, ABU: 0
2025-05-22 01:45:24.388: [INFO] BookmarkNodeAdded, ABU: 0
2025-05-22 01:45:24.388: [INFO] BookmarkNodeAdded, ABU: 0
2025-05-22 01:45:24.388: [INFO] BookmarkModelLoaded, ids_reassigned: 0
2025-05-22 01:45:24.388: [INFO] OnDoneLoading sync enabled: 0
2025-05-22 01:45:24.394: [INFO] RecordSyncInitDuration has_sync_been_enabled: 0 state: 0
2025-05-22 01:47:05.358: [INFO] VisibilityChanged: 0
2025-05-22 01:47:05.520: [INFO] BookmarkModelLoaded, ids_reassigned: 0
2025-05-22 01:47:05.520: [INFO] OnDoneLoading sync enabled: 0
2025-05-22 01:47:05.521: [INFO] RecordSyncInitDuration has_sync_been_enabled: 0 state: 0
2025-05-22 01:48:26.428: [INFO] VisibilityChanged: 0
2025-05-22 01:48:26.544: [INFO] BookmarkModelLoaded, ids_reassigned: 0
2025-05-22 01:48:26.544: [INFO] OnDoneLoading sync enabled: 0
2025-05-22 01:48:26.546: [INFO] RecordSyncInitDuration has_sync_been_enabled: 0 state: 0
2025-05-22 01:51:21.183: [INFO] VisibilityChanged: 0
2025-05-22 01:51:21.355: [INFO] BookmarkModelLoaded, ids_reassigned: 0
2025-05-22 01:51:21.355: [INFO] OnDoneLoading sync enabled: 0
2025-05-22 01:51:21.357: [INFO] RecordSyncInitDuration has_sync_been_enabled: 0 state: 0
